0 info it worked if it ends with ok
1 verbose cli [ 'C:\\nodejs\\\\node.exe',
1 verbose cli   'C:\\nodejs\\node_modules\\npm\\bin\\npm-cli.js',
1 verbose cli   'install' ]
2 info using npm@1.4.28
3 info using node@v0.10.33
<<<<<<< HEAD
4 verbose node symlink C:\nodejs\\node.exe
5 error Error: ENOENT, stat 'C:\Users\Ruti\AppData\Roaming\npm'
6 error If you need help, you may report this *entire* log,
6 error including the npm and node versions, at:
6 error     <http://github.com/npm/npm/issues>
7 error System Windows_NT 6.1.7601
8 error command "C:\\nodejs\\\\node.exe" "C:\\nodejs\\node_modules\\npm\\bin\\npm-cli.js" "install"
9 error cwd C:\globant\globook
10 error node -v v0.10.33
11 error npm -v 1.4.28
12 error path C:\Users\Ruti\AppData\Roaming\npm
13 error code ENOENT
14 error errno 34
15 verbose exit [ 34, true ]
=======
4 verbose node symlink C:\Program Files\nodejs\\node.exe
5 verbose run-script [ 'prestart', 'start', 'poststart' ]
6 info prestart node-js-globook@0.1.2
7 info start node-js-globook@0.1.2
8 verbose unsafe-perm in lifecycle true
9 info node-js-globook@0.1.2 Failed to exec start script
10 error node-js-globook@0.1.2 start: `node ./bin/www`
10 error Exit status 8
11 error Failed at the node-js-globook@0.1.2 start script.
11 error This is most likely a problem with the node-js-globook package,
11 error not with npm itself.
11 error Tell the author that this fails on your system:
11 error     node ./bin/www
11 error You can get their info via:
11 error     npm owner ls node-js-globook
11 error There is likely additional logging output above.
12 error System Windows_NT 6.1.7601
13 error command "C:\\Program Files\\nodejs\\\\node.exe" "C:\\Program Files\\nodejs\\node_modules\\npm\\bin\\npm-cli.js" "start"
14 error cwd C:\repositorios\globook
15 error node -v v0.10.33
16 error npm -v 1.4.28
17 error code ELIFECYCLE
18 verbose exit [ 1, true ]
>>>>>>> 79b23f6da68942916cde4e210f031b22665841b9
